<?xml version="1.0" encoding="UTF-8"?>
<testsuite xmlns:xsi="http://www.w3.org/2001/XMLSchema-instance" xsi:noNamespaceSchemaLocation="https://maven.apache.org/surefire/maven-surefire-plugin/xsd/surefire-test-report.xsd" name="test.CochesTest" time="0.253" tests="3" errors="0" skipped="0" failures="0">
  <properties>
[...]
</properties>
  <testcase name="obtenerCocheIdOKTest" classname="test.CochesTest" time="0.237"/>
  <testcase name="obtenerCocheIdErrorTest" classname="test.CochesTest" time="0.006"/>
  <testcase name="conexionOkTest" classname="test.CochesTest" time="0.004"/>
</testsuite>